d:\std\practise\opencvtutorial\cpp\cpp_opencvmarathon\x64\debug\vc143.pdb
d:\std\practise\opencvtutorial\cpp\cpp_opencvmarathon\x64\debug\vc143.idb
d:\std\practise\opencvtutorial\cpp\cpp_opencvmarathon\x64\debug\webcamimport.obj
d:\std\practise\opencvtutorial\cpp\cpp_opencvmarathon\x64\debug\videoimport.obj
d:\std\practise\opencvtutorial\cpp\cpp_opencvmarathon\x64\debug\imageimport.obj
d:\std\practise\opencvtutorial\cpp\cpp_opencvmarathon\x64\debug\image2grayscaleconversion.obj
d:\std\practise\opencvtutorial\cpp\cpp_opencvmarathon\x64\debug\imageconversion.obj
d:\std\practise\opencvtutorial\cpp\cpp_opencvmarathon\x64\debug\cpp_opencvmarathon.exe
d:\std\practise\opencvtutorial\cpp\cpp_opencvmarathon\x64\debug\cpp_opencvmarathon.ilk
d:\std\practise\opencvtutorial\cpp\cpp_opencvmarathon\x64\debug\cpp_opencvmarathon.pdb
d:\std\practise\opencvtutorial\cpp\cpp_opencvmarathon\x64\debug\imageconversion (2).obj
d:\std\practise\opencvtutorial\cpp\cpp_opencvmarathon\x64\debug\imageimport (2).obj
d:\std\practise\opencvtutorial\cpp\cpp_opencvmarathon\x64\debug\videoimport (2).obj
d:\std\practise\opencvtutorial\cpp\cpp_opencvmarathon\x64\debug\webcamimport (2).obj
d:\std\practise\opencvtutorial\cpp\cpp_opencvmarathon\x64\debug\image2grayscaleconversion.obj.enc
d:\std\practise\opencvtutorial\cpp\cpp_opencvmarathon\x64\debug\cpp_opencvmarathon (2).ilk
d:\std\practise\opencvtutorial\cpp\cpp_opencvmarathon\x64\debug\vc143 (2).idb
d:\std\practise\opencvtutorial\cpp\cpp_opencvmarathon\x64\debug\cpp_opencvmarathon (2).pdb
d:\std\practise\opencvtutorial\cpp\cpp_opencvmarathon\x64\debug\vc143 (2).pdb
d:\std\practise\opencvtutorial\cpp\cpp_opencvmarathon\x64\debug\cpp_open.465a0454.tlog\cl.command.1 (2).tlog
d:\std\practise\opencvtutorial\cpp\cpp_opencvmarathon\x64\debug\cpp_open.465a0454.tlog\cl.command.1.tlog
d:\std\practise\opencvtutorial\cpp\cpp_opencvmarathon\x64\debug\cpp_open.465a0454.tlog\cl.read.1 (2).tlog
d:\std\practise\opencvtutorial\cpp\cpp_opencvmarathon\x64\debug\cpp_open.465a0454.tlog\cl.read.1.tlog
d:\std\practise\opencvtutorial\cpp\cpp_opencvmarathon\x64\debug\cpp_open.465a0454.tlog\cl.write.1 (2).tlog
d:\std\practise\opencvtutorial\cpp\cpp_opencvmarathon\x64\debug\cpp_open.465a0454.tlog\cl.write.1.tlog
d:\std\practise\opencvtutorial\cpp\cpp_opencvmarathon\x64\debug\cpp_open.465a0454.tlog\link.command.1 (2).tlog
d:\std\practise\opencvtutorial\cpp\cpp_opencvmarathon\x64\debug\cpp_open.465a0454.tlog\link.command.1.tlog
d:\std\practise\opencvtutorial\cpp\cpp_opencvmarathon\x64\debug\cpp_open.465a0454.tlog\link.read.1 (2).tlog
d:\std\practise\opencvtutorial\cpp\cpp_opencvmarathon\x64\debug\cpp_open.465a0454.tlog\link.read.1.tlog
d:\std\practise\opencvtutorial\cpp\cpp_opencvmarathon\x64\debug\cpp_open.465a0454.tlog\link.write.1 (2).tlog
d:\std\practise\opencvtutorial\cpp\cpp_opencvmarathon\x64\debug\cpp_open.465a0454.tlog\link.write.1.tlog
